---Dinero IV cache simulator, version 7
---Written by Jan Edler and Mark D. Hill
---Copyright (C) 1997 NEC Research Institute, Inc. and Mark D. Hill.
---All rights reserved.
---Copyright (C) 1985, 1989 Mark D. Hill.  All rights reserved.
---See -copyright option for details

---Summary of options (-help option gives usage information).

-l1-usize 16384
-l1-ubsize 16
-l1-usbsize 16
-l1-uassoc 2
-l1-urepl l
-l1-ufetch d
-l1-uwalloc a
-l1-uwback a
-l1-uccc
-skipcount 0
-flushcount 0
-maxcount 500000
-stat-interval 0
-informat d
-on-trigger 0x0
-off-trigger 0x0

---Simulation begins.
---Maximum address count exceeded.
---Simulation complete.
l1-ucache
 Metrics		      Total	      Instrn	       Data	       Read	      Write	       Misc
 -----------------	      ------	      ------	      ------	      ------	      ------	      ------
 Demand Fetches		      500000	      358756	      141244	       78472	       62772	           0
  Fraction of total	      1.0000	      0.7175	      0.2825	      0.1569	      0.1255	      0.0000

 Demand Misses		        2000	          76	        1924	         797	        1127	           0
  Demand miss rate	      0.0040	      0.0002	      0.0136	      0.0102	      0.0180	      0.0000
   Compulsory misses	        1693	          50	        1643	         516	        1127	           0
   Capacity misses	         307	          26	         281	         281	           0	           0
   Conflict misses	           0	           0	           0	           0	           0	           0
   Compulsory fraction	      0.8465	      0.6579	      0.8540	      0.6474	      1.0000	      0.0000
   Capacity fraction	      0.1535	      0.3421	      0.1460	      0.3526	      0.0000	      0.0000
   Conflict fraction	      0.0000	      0.0000	      0.0000	      0.0000	      0.0000	      0.0000

 Multi-block refs                 0
 Bytes From Memory	       32000
 ( / Demand Fetches)	      0.0640
 Bytes To Memory	       18048
 ( / Demand Writes)	      0.2875
 Total Bytes r/w Mem	       50048
 ( / Demand Fetches)	      0.1001

---Execution complete.
