---Dinero IV cache simulator, version 7
---Written by Jan Edler and Mark D. Hill
---Copyright (C) 1997 NEC Research Institute, Inc. and Mark D. Hill.
---All rights reserved.
---Copyright (C) 1985, 1989 Mark D. Hill.  All rights reserved.
---See -copyright option for details

---Summary of options (-help option gives usage information).

-l1-usize 32768
-l1-ubsize 32
-l1-usbsize 32
-l1-uassoc 16
-l1-urepl l
-l1-ufetch d
-l1-uwalloc a
-l1-uwback a
-skipcount 0
-flushcount 0
-maxcount 500000
-stat-interval 0
-informat d
-on-trigger 0x0
-off-trigger 0x0

---Simulation begins.
---Maximum address count exceeded.
---Simulation complete.
l1-ucache
 Metrics		      Total	      Instrn	       Data	       Read	      Write	       Misc
 -----------------	      ------	      ------	      ------	      ------	      ------	      ------
 Demand Fetches		      500000	      372934	      127066	       82310	       44756	           0
  Fraction of total	      1.0000	      0.7459	      0.2541	      0.1646	      0.0895	      0.0000

 Demand Misses		        6548	        4331	        2217	        1260	         957	           0
  Demand miss rate	      0.0131	      0.0116	      0.0174	      0.0153	      0.0214	      0.0000

 Multi-block refs                 0
 Bytes From Memory	      209536
 ( / Demand Fetches)	      0.4191
 Bytes To Memory	       38560
 ( / Demand Writes)	      0.8616
 Total Bytes r/w Mem	      248096
 ( / Demand Fetches)	      0.4962

---Execution complete.
