---Dinero IV cache simulator, version 7
---Written by Jan Edler and Mark D. Hill
---Copyright (C) 1997 NEC Research Institute, Inc. and Mark D. Hill.
---All rights reserved.
---Copyright (C) 1985, 1989 Mark D. Hill.  All rights reserved.
---See -copyright option for details

---Summary of options (-help option gives usage information).

-l1-usize 4096
-l1-ubsize 32
-l1-usbsize 32
-l1-uassoc 16
-l1-urepl l
-l1-ufetch d
-l1-uwalloc a
-l1-uwback a
-skipcount 0
-flushcount 0
-maxcount 500000
-stat-interval 0
-informat d
-on-trigger 0x0
-off-trigger 0x0

---Simulation begins.
---Maximum address count exceeded.
---Simulation complete.
l1-ucache
 Metrics		      Total	      Instrn	       Data	       Read	      Write	       Misc
 -----------------	      ------	      ------	      ------	      ------	      ------	      ------
 Demand Fetches		      500000	      372934	      127066	       82310	       44756	           0
  Fraction of total	      1.0000	      0.7459	      0.2541	      0.1646	      0.0895	      0.0000

 Demand Misses		       38559	       26892	       11667	        8753	        2914	           0
  Demand miss rate	      0.0771	      0.0721	      0.0918	      0.1063	      0.0651	      0.0000

 Multi-block refs                 0
 Bytes From Memory	     1233888
 ( / Demand Fetches)	      2.4678
 Bytes To Memory	      145312
 ( / Demand Writes)	      3.2468
 Total Bytes r/w Mem	     1379200
 ( / Demand Fetches)	      2.7584

---Execution complete.
