---Dinero IV cache simulator, version 7
---Written by Jan Edler and Mark D. Hill
---Copyright (C) 1997 NEC Research Institute, Inc. and Mark D. Hill.
---All rights reserved.
---Copyright (C) 1985, 1989 Mark D. Hill.  All rights reserved.
---See -copyright option for details

---Summary of options (-help option gives usage information).

-l1-usize 16384
-l1-ubsize 16
-l1-usbsize 16
-l1-uassoc 1
-l1-urepl l
-l1-ufetch d
-l1-uwalloc a
-l1-uwback a
-l1-uccc
-skipcount 0
-flushcount 0
-maxcount 500000
-stat-interval 0
-informat d
-on-trigger 0x0
-off-trigger 0x0

---Simulation begins.
---Maximum address count exceeded.
---Simulation complete.
l1-ucache
 Metrics		      Total	      Instrn	       Data	       Read	      Write	       Misc
 -----------------	      ------	      ------	      ------	      ------	      ------	      ------
 Demand Fetches		      500000	      358756	      141244	       78472	       62772	           0
  Fraction of total	      1.0000	      0.7175	      0.2825	      0.1569	      0.1255	      0.0000

 Demand Misses		        2554	         306	        2248	         988	        1260	           0
  Demand miss rate	      0.0051	      0.0009	      0.0159	      0.0126	      0.0201	      0.0000
   Compulsory misses	        1693	          50	        1643	         516	        1127	           0
   Capacity misses	         291	          26	         265	         265	           0	           0
   Conflict misses	         570	         230	         340	         207	         133	           0
   Compulsory fraction	      0.6629	      0.1634	      0.7309	      0.5223	      0.8944	      0.0000
   Capacity fraction	      0.1139	      0.0850	      0.1179	      0.2682	      0.0000	      0.0000
   Conflict fraction	      0.2232	      0.7516	      0.1512	      0.2095	      0.1056	      0.0000

 Multi-block refs                 0
 Bytes From Memory	       40864
 ( / Demand Fetches)	      0.0817
 Bytes To Memory	       20864
 ( / Demand Writes)	      0.3324
 Total Bytes r/w Mem	       61728
 ( / Demand Fetches)	      0.1235

---Execution complete.
