---Dinero IV cache simulator, version 7
---Written by Jan Edler and Mark D. Hill
---Copyright (C) 1997 NEC Research Institute, Inc. and Mark D. Hill.
---All rights reserved.
---Copyright (C) 1985, 1989 Mark D. Hill.  All rights reserved.
---See -copyright option for details

---Summary of options (-help option gives usage information).

-l1-usize 16384
-l1-ubsize 16
-l1-usbsize 16
-l1-uassoc 2
-l1-urepl l
-l1-ufetch d
-l1-uwalloc a
-l1-uwback a
-l1-uccc
-skipcount 0
-flushcount 0
-maxcount 500000
-stat-interval 0
-informat d
-on-trigger 0x0
-off-trigger 0x0

---Simulation begins.
---Maximum address count exceeded.
---Simulation complete.
l1-ucache
 Metrics		      Total	      Instrn	       Data	       Read	      Write	       Misc
 -----------------	      ------	      ------	      ------	      ------	      ------	      ------
 Demand Fetches		      500000	      372934	      127066	       82310	       44756	           0
  Fraction of total	      1.0000	      0.7459	      0.2541	      0.1646	      0.0895	      0.0000

 Demand Misses		       23183	       16049	        7134	        4143	        2991	           0
  Demand miss rate	      0.0464	      0.0430	      0.0561	      0.0503	      0.0668	      0.0000
   Compulsory misses	        7449	        5015	        2434	         878	        1556	           0
   Capacity misses	        7822	        5284	        2538	        1904	         634	           0
   Conflict misses	        7912	        5750	        2162	        1361	         801	           0
   Compulsory fraction	      0.3213	      0.3125	      0.3412	      0.2119	      0.5202	      0.0000
   Capacity fraction	      0.3374	      0.3292	      0.3558	      0.4596	      0.2120	      0.0000
   Conflict fraction	      0.3413	      0.3583	      0.3031	      0.3285	      0.2678	      0.0000

 Multi-block refs                 0
 Bytes From Memory	      370928
 ( / Demand Fetches)	      0.7419
 Bytes To Memory	       59808
 ( / Demand Writes)	      1.3363
 Total Bytes r/w Mem	      430736
 ( / Demand Fetches)	      0.8615

---Execution complete.
